[INFO] Scanning for projects...
[INFO] ------------------------------------------------------------------------
[INFO] Building System core library
[INFO]    task-segment: [package]
[INFO] ------------------------------------------------------------------------
[INFO] [resources:resources {execution: default-resources}]
[WARNING] Using platform encoding (UTF-8 actually) to copy filtered resources, i.e. build is platform dependent!
[INFO] Copying 0 resource
[WARNING] While downloading xmlbeans:xmlbeans:2.3.0
  This artifact has been relocated to org.apache.xmlbeans:xmlbeans:2.3.0.


[INFO] [compiler:compile {execution: default-compile}]
[INFO] Compiling 1 source file to /archives/work/projects/redshape/server/com.vio.core/build
[INFO] [resources:testResources {execution: default-testResources}]
[WARNING] Using platform encoding (UTF-8 actually) to copy filtered resources, i.e. build is platform dependent!
[INFO] skip non existing resourceDirectory /archives/work/projects/redshape/server/com.vio.core/src/test/resources
[INFO] [compiler:testCompile {execution: default-testCompile}]
[INFO] No sources to compile
[INFO] [surefire:test {execution: default-test}]
[INFO] Tests are skipped.
[INFO] [jar:jar {execution: default-jar}]
[INFO] Building jar: /archives/work/projects/redshape/server/com.vio.core/../build/libs/core.jar
[INFO] ------------------------------------------------------------------------
[INFO] BUILD SUCCESSFUL
[INFO] ------------------------------------------------------------------------
[INFO] Total time: 6 seconds
[INFO] Finished at: Wed Aug 04 10:49:57 MSD 2010
[INFO] Final Memory: 24M/43M
[INFO] ------------------------------------------------------------------------
