[INFO] Scanning for projects...
[INFO] ------------------------------------------------------------------------
[INFO] Building Eluvian Application
[INFO]    task-segment: [package]
[INFO] ------------------------------------------------------------------------
[INFO] [resources:resources {execution: default-resources}]
[WARNING] Using platform encoding (UTF-8 actually) to copy filtered resources, i.e. build is platform dependent!
[INFO] skip non existing resourceDirectory /archives/work/projects/redshape/server/eluvian.app/src/main/resources
[WARNING] While downloading xmlbeans:xmlbeans:2.3.0
  This artifact has been relocated to org.apache.xmlbeans:xmlbeans:2.3.0.


[INFO] [compiler:compile {execution: default-compile}]
[INFO] Nothing to compile - all classes are up to date
[INFO] [resources:testResources {execution: default-testResources}]
[WARNING] Using platform encoding (UTF-8 actually) to copy filtered resources, i.e. build is platform dependent!
[INFO] skip non existing resourceDirectory /archives/work/projects/redshape/server/eluvian.app/src/test/resources
[INFO] [compiler:testCompile {execution: default-testCompile}]
[INFO] No sources to compile
[INFO] [surefire:test {execution: default-test}]
[INFO] Tests are skipped.
[INFO] [jar:jar {execution: default-jar}]
[WARNING] JAR will be empty - no content was marked for inclusion!
[INFO] Building jar: /archives/work/projects/redshape/server/eluvian.app/../build/cmd.jar
[INFO] [jar:jar {execution: default}]
[WARNING] JAR will be empty - no content was marked for inclusion!
[INFO] ------------------------------------------------------------------------
[INFO] BUILD SUCCESSFUL
[INFO] ------------------------------------------------------------------------
[INFO] Total time: 5 seconds
[INFO] Finished at: Wed Aug 04 10:49:33 MSD 2010
[INFO] Final Memory: 16M/29M
[INFO] ------------------------------------------------------------------------
